#
# A fatal error has been detected by the Java Runtime Environment:
#
#  SIGSEGV (0xb) at pc=0x00007f101e4358ee, pid=7867, tid=7882
#
# JRE version: Java(TM) SE Runtime Environment (9.0+181) (build 9+181)
# Java VM: Java HotSpot(TM) 64-Bit Server VM (9+181, mixed mode, tiered, compressed oops, g1 gc, linux-amd64)
# Problematic frame:
# V  [libjvm.so+0x8128ee]  InstanceKlass::allocate_instance(Thread*)+0xae
#
# Core dump will be written. Default location: Core dumps may be processed with "/usr/share/apport/apport %p %s %c %d %P" (or dumping to /home/ela/Pulpit/lab9/core.7867)
#
# If you would like to submit a bug report, please visit:
#   http://bugreport.java.com/bugreport/crash.jsp
#

---------------  S U M M A R Y ------------

Command Line: -agentlib:jdwp=transport=dt_socket,address=127.0.0.1:40565,suspend=y,server=n -Dfile.encoding=UTF-8 zadanie.Client

Host: Intel(R) Core(TM) i3-6100U CPU @ 2.30GHz, 4 cores, 7G, Ubuntu 16.04.1 LTS
Time: Thu Jan 11 19:43:26 2018 CET elapsed time: 217 seconds (0d 0h 3m 37s)

---------------  T H R E A D  ---------------

Current thread (0x00007f1018131000):  VMThread "VM Thread" [stack: 0x00007f0fcd2fc000,0x00007f0fcd3fc000] [id=7882]

Stack: [0x00007f0fcd2fc000,0x00007f0fcd3fc000],  sp=0x00007f0fcd3fa1c0,  free space=1016k
Native frames: (J=compiled Java code, A=aot compiled Java code, j=interpreted, Vv=VM code, C=native code)
V  [libjvm.so+0x8128ee]  InstanceKlass::allocate_instance(Thread*)+0xae
V  [libjvm.so+0x83ec3d]  java_lang_String::basic_create(int, bool, Thread*)+0x2d
V  [libjvm.so+0x83eec5]  java_lang_String::create_from_str(char const*, Thread*)+0x45
V  [libjvm.so+0x70736d]  Exceptions::new_exception(Thread*, Symbol*, char const*, Exceptions::ExceptionMsgToUtf8Mode)+0x10d
V  [libjvm.so+0x7a95c6]  GenerateOopMap::verify_error(char const*, ...)+0x86
V  [libjvm.so+0x7ac5ba]  GenerateOopMap::ppload(CellTypeState*, int)+0xea
V  [libjvm.so+0x7aca99]  GenerateOopMap::interp1(BytecodeStream*)+0x3e9
V  [libjvm.so+0x7ae104]  GenerateOopMap::interp_bb(BasicBlock*)+0x144
V  [libjvm.so+0x7b002f]  GenerateOopMap::do_interpretation()+0x9f
V  [libjvm.so+0x7b040b]  GenerateOopMap::compute_map(Thread*)+0x26b
V  [libjvm.so+0xb5a227]  OopMapForCacheEntry::compute_map(Thread*)+0x67
V  [libjvm.so+0xb5ae9c]  OopMapCacheEntry::fill(methodHandle, int)+0x12c
V  [libjvm.so+0xb5b6e2]  OopMapCache::compute_one_oop_map(methodHandle const&, int, InterpreterOopMap*)+0x102
V  [libjvm.so+0xb5b9f6]  OopMapCache::lookup(methodHandle const&, int, InterpreterOopMap*) const+0x216
V  [libjvm.so+0xafb224]  Method::mask_for(int, InterpreterOopMap*)+0x74
V  [libjvm.so+0x9a57ed]  VM_GetOrSetLocal::doit()+0x4d
V  [libjvm.so+0xd5cfd9]  VM_Operation::evaluate()+0x59
V  [libjvm.so+0xd5ad23]  VMThread::evaluate_operation(VM_Operation*)+0xc3
V  [libjvm.so+0xd5b290]  VMThread::loop()+0x210
V  [libjvm.so+0xd5b7a2]  VMThread::run()+0x72
V  [libjvm.so+0xb6ddd2]  thread_native_entry(Thread*)+0xf2


siginfo: si_signo: 11 (SIGSEGV), si_code: 1 (SEGV_MAPERR), si_addr: 0x0000000200010057

Register to memory mapping:

RAX=0x0000000200010063 is an unknown value
RBX=0x000000020001004b is an unknown value
RCX=0x0000000000000000 is an unknown value
RDX=0x000000154340600b is an unknown value
RSP=0x00007f0fcd3fa1c0 is an unknown value
RBP=0x00007f0fcd3fa220 is an unknown value
RSI=0x00007f1018131000 is an unknown value
RDI=0x00000001000016d0 is pointing into metadata
R8 =0x000000000000006e is an unknown value
R9 =0x000000000000006e is an unknown value
R10=0x0000000000000004 is an unknown value
R11=0x00007f0fb00a0bb0 is an unknown value
R12=0x00007f1018131000 is an unknown value
R13=0x000000000000004c is an unknown value
R14=0x00007f101ef42539: <offset 0x000000000131f539> in /usr/lib/jvm/java-9-oracle/lib/server/libjvm.so at 0x00007f101dc23000
R15=0x0000000000000003 is an unknown value


Registers:
RAX=0x0000000200010063, RBX=0x000000020001004b, RCX=0x0000000000000000, RDX=0x000000154340600b
RSP=0x00007f0fcd3fa1c0, RBP=0x00007f0fcd3fa220, RSI=0x00007f1018131000, RDI=0x00000001000016d0
R8 =0x000000000000006e, R9 =0x000000000000006e, R10=0x0000000000000004, R11=0x00007f0fb00a0bb0
R12=0x00007f1018131000, R13=0x000000000000004c, R14=0x00007f101ef42539, R15=0x0000000000000003
RIP=0x00007f101e4358ee, EFLAGS=0x0000000000010202, CSGSFS=0x0000000000000033, ERR=0x0000000000000006
  TRAPNO=0x000000000000000e

Top of Stack: (sp=0x00007f0fcd3fa1c0)
0x00007f0fcd3fa1c0:   0000000000000000 0020003100000003
0x00007f0fcd3fa1d0:   00000001000016d0 0000000000000000
0x00007f0fcd3fa1e0:   00007f0fcd3fa298 0000000000000000
0x00007f0fcd3fa1f0:   00000000ffffffff 00007f1018131000 

Instructions: (pc=0x00007f101e4358ee)
0x00007f101e4358ce:   24 08 48 85 c0 0f 85 f7 00 00 00 4c 8d 35 59 cc
0x00007f101e4358de:   b0 00 41 80 3e 00 0f 84 46 01 00 00 49 83 ff 02
0x00007f101e4358ee:   c7 43 0c 00 00 00 00 48 8d 7b 10 49 8d 47 fd 74
0x00007f101e4358fe:   0f 48 8d 14 c5 08 00 00 00 31 f6 e8 22 f7 a5 ff 

VM_Operation (0x00007f0fa3ffea70): GetOrSetLocal, mode: safepoint, requested by thread 0x00007f1018218000


---------------  P R O C E S S  ---------------

Java Threads: ( => current thread )
  0x00007f101821e000 JavaThread "Service Thread" daemon [_thread_blocked, id=7899, stack(0x00007f0fa3bfc000,0x00007f0fa3cfd000)]
  0x00007f0f9c001000 JavaThread "JDWP Command Reader" daemon [_thread_in_native, id=7893, stack(0x00007f0fa3cfd000,0x00007f0fa3dfe000)]
  0x00007f101821c000 JavaThread "JDWP Event Helper Thread" daemon [_thread_blocked, id=7892, stack(0x00007f0fa3dfe000,0x00007f0fa3eff000)]
  0x00007f1018218000 JavaThread "JDWP Transport Listener: dt_socket" daemon [_thread_blocked, id=7891, stack(0x00007f0fa3eff000,0x00007f0fa4000000)]
  0x00007f1018174000 JavaThread "Common-Cleaner" daemon [_thread_blocked, id=7890, stack(0x00007f0fcc2c2000,0x00007f0fcc3c3000)]
  0x00007f1018165800 JavaThread "Sweeper thread" daemon [_thread_blocked, id=7889, stack(0x00007f0fcc7eb000,0x00007f0fcc8ec000)]
  0x00007f1018164000 JavaThread "C1 CompilerThread2" daemon [_thread_blocked, id=7888, stack(0x00007f0fcc8ec000,0x00007f0fcc9ed000)]
  0x00007f1018162000 JavaThread "C2 CompilerThread1" daemon [_thread_blocked, id=7887, stack(0x00007f0fcc9ed000,0x00007f0fccaee000)]
  0x00007f1018160000 JavaThread "C2 CompilerThread0" daemon [_thread_blocked, id=7886, stack(0x00007f0fccaee000,0x00007f0fccbef000)]
  0x00007f101815e000 JavaThread "Signal Dispatcher" daemon [_thread_blocked, id=7885, stack(0x00007f0fccbef000,0x00007f0fcccf0000)]
  0x00007f1018143000 JavaThread "Finalizer" daemon [_thread_blocked, id=7884, stack(0x00007f0fcd0f9000,0x00007f0fcd1fa000)]
  0x00007f101813b000 JavaThread "Reference Handler" daemon [_thread_blocked, id=7883, stack(0x00007f0fcd1fa000,0x00007f0fcd2fb000)]
  0x00007f1018013800 JavaThread "main" [_thread_blocked, id=7870, stack(0x00007f101fcaf000,0x00007f101fdaf000)]

Other Threads:
=>0x00007f1018131000 VMThread "VM Thread" [stack: 0x00007f0fcd2fc000,0x00007f0fcd3fc000] [id=7882]
  0x00007f1018221000 WatcherThread [stack: 0x00007f0fa3afc000,0x00007f0fa3bfc000] [id=7900]
  0x00007f101802a800 GCTaskThread "GC Thread#0" [stack: 0x00007f101c152000,0x00007f101c252000] [id=7871]
  0x00007f101802c000 GCTaskThread "GC Thread#1" [stack: 0x00007f101c051000,0x00007f101c151000] [id=7872]
  0x00007f101802e000 GCTaskThread "GC Thread#2" [stack: 0x00007f0ffda48000,0x00007f0ffdb48000] [id=7873]
  0x00007f101802f800 GCTaskThread "GC Thread#3" [stack: 0x00007f0ffd947000,0x00007f0ffda47000] [id=7874]
  0x00007f101805e000 ConcurrentGCThread "G1 Main Marker" [stack: 0x00007f0fd41c0000,0x00007f0fd42c0000] [id=7880]
  0x00007f101805f800 ConcurrentGCThread "G1 Marker#0" [stack: 0x00007f0fd40bf000,0x00007f0fd41bf000] [id=7881]
  0x00007f1018037000 ConcurrentGCThread "G1 Refine#0" [stack: 0x00007f0ffd13f000,0x00007f0ffd23f000] [id=7878]
  0x00007f1018035000 ConcurrentGCThread "G1 Refine#1" [stack: 0x00007f0ffd240000,0x00007f0ffd340000] [id=7877]
  0x00007f1018033800 ConcurrentGCThread "G1 Refine#2" [stack: 0x00007f0ffd341000,0x00007f0ffd441000] [id=7876]
  0x00007f1018031800 ConcurrentGCThread "G1 Refine#3" [stack: 0x00007f0ffd442000,0x00007f0ffd542000] [id=7875]
  0x00007f1018038800 ConcurrentGCThread "G1 Young RemSet Sampling" [stack: 0x00007f0ffd03e000,0x00007f0ffd13e000] [id=7879]

Threads with active compile tasks:

VM state:at safepoint (normal execution)

VM Mutex/Monitor currently owned by a thread:  ([mutex/lock_event])
[0x00007f101800f760] Threads_lock - owner thread: 0x00007f1018131000

Heap address: 0x0000000085800000, size: 1960 MB, Compressed Oops mode: 32-bit
Narrow klass base: 0x0000000000000000, Narrow klass shift: 3
Compressed class space size: 1073741824 Address: 0x0000000100000000

Heap:
 garbage-first heap   total 126976K, used 2048K [0x0000000085800000, 0x00000000859003e0, 0x0000000100000000)
  region size 1024K, 3 young (3072K), 0 survivors (0K)
 Metaspace       used 6012K, capacity 6172K, committed 6272K, reserved 1056768K
  class space    used 512K, capacity 549K, committed 640K, reserved 1048576K
Heap Regions: E=young(eden), S=young(survivor), O=old, HS=humongous(starts), HC=humongous(continues), CS=collection set, F=free, A=archive, TS=gc time stamp, AC=allocation context, TAMS=top-at-mark-start (previous, next)
|   0|0x0000000085800000, 0x0000000085800000, 0x0000000085900000|  0%| F|  |TS  0|AC  0|TAMS 0x0000000085800000, 0x0000000085800000|
|   1|0x0000000085900000, 0x0000000085900000, 0x0000000085a00000|  0%| F|  |TS  0|AC  0|TAMS 0x0000000085900000, 0x0000000085900000|
|   2|0x0000000085a00000, 0x0000000085a00000, 0x0000000085b00000|  0%| F|  |TS  0|AC  0|TAMS 0x0000000085a00000, 0x0000000085a00000|
|   3|0x0000000085b00000, 0x0000000085b00000, 0x0000000085c00000|  0%| F|  |TS  0|AC  0|TAMS 0x0000000085b00000, 0x0000000085b00000|
|   4|0x0000000085c00000, 0x0000000085c00000, 0x0000000085d00000|  0%| F|  |TS  0|AC  0|TAMS 0x0000000085c00000, 0x0000000085c00000|
|   5|0x0000000085d00000, 0x0000000085d00000, 0x0000000085e00000|  0%| F|  |TS  0|AC  0|TAMS 0x0000000085d00000, 0x0000000085d00000|
|   6|0x0000000085e00000, 0x0000000085e00000, 0x0000000085f00000|  0%| F|  |TS  0|AC  0|TAMS 0x0000000085e00000, 0x0000000085e00000|
|   7|0x0000000085f00000, 0x0000000085f00000, 0x0000000086000000|  0%| F|  |TS  0|AC  0|TAMS 0x0000000085f00000, 0x0000000085f00000|
|   8|0x0000000086000000, 0x0000000086000000, 0x0000000086100000|  0%| F|  |TS  0|AC  0|TAMS 0x0000000086000000, 0x0000000086000000|
|   9|0x0000000086100000, 0x0000000086100000, 0x0000000086200000|  0%| F|  |TS  0|AC  0|TAMS 0x0000000086100000, 0x0000000086100000|
|  10|0x0000000086200000, 0x0000000086200000, 0x0000000086300000|  0%| F|  |TS  0|AC  0|TAMS 0x0000000086200000, 0x0000000086200000|
|  11|0x0000000086300000, 0x0000000086300000, 0x0000000086400000|  0%| F|  |TS  0|AC  0|TAMS 0x0000000086300000, 0x0000000086300000|
|  12|0x0000000086400000, 0x0000000086400000, 0x0000000086500000|  0%| F|  |TS  0|AC  0|TAMS 0x0000000086400000, 0x0000000086400000|
|  13|0x0000000086500000, 0x0000000086500000, 0x0000000086600000|  0%| F|  |TS  0|AC  0|TAMS 0x0000000086500000, 0x0000000086500000|
|  14|0x0000000086600000, 0x0000000086600000, 0x0000000086700000|  0%| F|  |TS  0|AC  0|TAMS 0x0000000086600000, 0x0000000086600000|
|  15|0x0000000086700000, 0x0000000086700000, 0x0000000086800000|  0%| F|  |TS  0|AC  0|TAMS 0x0000000086700000, 0x0000000086700000|
|  16|0x0000000086800000, 0x0000000086800000, 0x0000000086900000|  0%| F|  |TS  0|AC  0|TAMS 0x0000000086800000, 0x0000000086800000|
|  17|0x0000000086900000, 0x0000000086900000, 0x0000000086a00000|  0%| F|  |TS  0|AC  0|TAMS 0x0000000086900000, 0x0000000086900000|
|  18|0x0000000086a00000, 0x0000000086a00000, 0x0000000086b00000|  0%| F|  |TS  0|AC  0|TAMS 0x0000000086a00000, 0x0000000086a00000|
|  19|0x0000000086b00000, 0x0000000086b00000, 0x0000000086c00000|  0%| F|  |TS  0|AC  0|TAMS 0x0000000086b00000, 0x0000000086b00000|
|  20|0x0000000086c00000, 0x0000000086c00000, 0x0000000086d00000|  0%| F|  |TS  0|AC  0|TAMS 0x0000000086c00000, 0x0000000086c00000|
|  21|0x0000000086d00000, 0x0000000086d00000, 0x0000000086e00000|  0%| F|  |TS  0|AC  0|TAMS 0x0000000086d00000, 0x0000000086d00000|
|  22|0x0000000086e00000, 0x0000000086e00000, 0x0000000086f00000|  0%| F|  |TS  0|AC  0|TAMS 0x0000000086e00000, 0x0000000086e00000|
|  23|0x0000000086f00000, 0x0000000086f00000, 0x0000000087000000|  0%| F|  |TS  0|AC  0|TAMS 0x0000000086f00000, 0x0000000086f00000|
|  24|0x0000000087000000, 0x0000000087000000, 0x0000000087100000|  0%| F|  |TS  0|AC  0|TAMS 0x0000000087000000, 0x0000000087000000|
|  25|0x0000000087100000, 0x0000000087100000, 0x0000000087200000|  0%| F|  |TS  0|AC  0|TAMS 0x0000000087100000, 0x0000000087100000|
|  26|0x0000000087200000, 0x0000000087200000, 0x0000000087300000|  0%| F|  |TS  0|AC  0|TAMS 0x0000000087200000, 0x0000000087200000|
|  27|0x0000000087300000, 0x0000000087300000, 0x0000000087400000|  0%| F|  |TS  0|AC  0|TAMS 0x0000000087300000, 0x0000000087300000|
|  28|0x0000000087400000, 0x0000000087400000, 0x0000000087500000|  0%| F|  |TS  0|AC  0|TAMS 0x0000000087400000, 0x0000000087400000|
|  29|0x0000000087500000, 0x0000000087500000, 0x0000000087600000|  0%| F|  |TS  0|AC  0|TAMS 0x0000000087500000, 0x0000000087500000|
|  30|0x0000000087600000, 0x0000000087600000, 0x0000000087700000|  0%| F|  |TS  0|AC  0|TAMS 0x0000000087600000, 0x0000000087600000|
|  31|0x0000000087700000, 0x0000000087700000, 0x0000000087800000|  0%| F|  |TS  0|AC  0|TAMS 0x0000000087700000, 0x0000000087700000|
|  32|0x0000000087800000, 0x0000000087800000, 0x0000000087900000|  0%| F|  |TS  0|AC  0|TAMS 0x0000000087800000, 0x0000000087800000|
|  33|0x0000000087900000, 0x0000000087900000, 0x0000000087a00000|  0%| F|  |TS  0|AC  0|TAMS 0x0000000087900000, 0x0000000087900000|
|  34|0x0000000087a00000, 0x0000000087a00000, 0x0000000087b00000|  0%| F|  |TS  0|AC  0|TAMS 0x0000000087a00000, 0x0000000087a00000|
|  35|0x0000000087b00000, 0x0000000087b00000, 0x0000000087c00000|  0%| F|  |TS  0|AC  0|TAMS 0x0000000087b00000, 0x0000000087b00000|
|  36|0x0000000087c00000, 0x0000000087c00000, 0x0000000087d00000|  0%| F|  |TS  0|AC  0|TAMS 0x0000000087c00000, 0x0000000087c00000|
|  37|0x0000000087d00000, 0x0000000087d00000, 0x0000000087e00000|  0%| F|  |TS  0|AC  0|TAMS 0x0000000087d00000, 0x0000000087d00000|
|  38|0x0000000087e00000, 0x0000000087e00000, 0x0000000087f00000|  0%| F|  |TS  0|AC  0|TAMS 0x0000000087e00000, 0x0000000087e00000|
|  39|0x0000000087f00000, 0x0000000087f00000, 0x0000000088000000|  0%| F|  |TS  0|AC  0|TAMS 0x0000000087f00000, 0x0000000087f00000|
|  40|0x0000000088000000, 0x0000000088000000, 0x0000000088100000|  0%| F|  |TS  0|AC  0|TAMS 0x0000000088000000, 0x0000000088000000|
|  41|0x0000000088100000, 0x0000000088100000, 0x0000000088200000|  0%| F|  |TS  0|AC  0|TAMS 0x0000000088100000, 0x0000000088100000|
|  42|0x0000000088200000, 0x0000000088200000, 0x0000000088300000|  0%| F|  |TS  0|AC  0|TAMS 0x0000000088200000, 0x0000000088200000|
|  43|0x0000000088300000, 0x0000000088300000, 0x0000000088400000|  0%| F|  |TS  0|AC  0|TAMS 0x0000000088300000, 0x0000000088300000|
|  44|0x0000000088400000, 0x0000000088400000, 0x0000000088500000|  0%| F|  |TS  0|AC  0|TAMS 0x0000000088400000, 0x0000000088400000|
|  45|0x0000000088500000, 0x0000000088500000, 0x0000000088600000|  0%| F|  |TS  0|AC  0|TAMS 0x0000000088500000, 0x0000000088500000|
|  46|0x0000000088600000, 0x0000000088600000, 0x0000000088700000|  0%| F|  |TS  0|AC  0|TAMS 0x0000000088600000, 0x0000000088600000|
|  47|0x0000000088700000, 0x0000000088700000, 0x0000000088800000|  0%| F|  |TS  0|AC  0|TAMS 0x0000000088700000, 0x0000000088700000|
|  48|0x0000000088800000, 0x0000000088800000, 0x0000000088900000|  0%| F|  |TS  0|AC  0|TAMS 0x0000000088800000, 0x0000000088800000|
|  49|0x0000000088900000, 0x0000000088900000, 0x0000000088a00000|  0%| F|  |TS  0|AC  0|TAMS 0x0000000088900000, 0x0000000088900000|
|  50|0x0000000088a00000, 0x0000000088a00000, 0x0000000088b00000|  0%| F|  |TS  0|AC  0|TAMS 0x0000000088a00000, 0x0000000088a00000|
|  51|0x0000000088b00000, 0x0000000088b00000, 0x0000000088c00000|  0%| F|  |TS  0|AC  0|TAMS 0x0000000088b00000, 0x0000000088b00000|
|  52|0x0000000088c00000, 0x0000000088c00000, 0x0000000088d00000|  0%| F|  |TS  0|AC  0|TAMS 0x0000000088c00000, 0x0000000088c00000|
|  53|0x0000000088d00000, 0x0000000088d00000, 0x0000000088e00000|  0%| F|  |TS  0|AC  0|TAMS 0x0000000088d00000, 0x0000000088d00000|
|  54|0x0000000088e00000, 0x0000000088e00000, 0x0000000088f00000|  0%| F|  |TS  0|AC  0|TAMS 0x0000000088e00000, 0x0000000088e00000|
|  55|0x0000000088f00000, 0x0000000088f00000, 0x0000000089000000|  0%| F|  |TS  0|AC  0|TAMS 0x0000000088f00000, 0x0000000088f00000|
|  56|0x0000000089000000, 0x0000000089000000, 0x0000000089100000|  0%| F|  |TS  0|AC  0|TAMS 0x0000000089000000, 0x0000000089000000|
|  57|0x0000000089100000, 0x0000000089100000, 0x0000000089200000|  0%| F|  |TS  0|AC  0|TAMS 0x0000000089100000, 0x0000000089100000|
|  58|0x0000000089200000, 0x0000000089200000, 0x0000000089300000|  0%| F|  |TS  0|AC  0|TAMS 0x0000000089200000, 0x0000000089200000|
|  59|0x0000000089300000, 0x0000000089300000, 0x0000000089400000|  0%| F|  |TS  0|AC  0|TAMS 0x0000000089300000, 0x0000000089300000|
|  60|0x0000000089400000, 0x0000000089400000, 0x0000000089500000|  0%| F|  |TS  0|AC  0|TAMS 0x0000000089400000, 0x0000000089400000|
|  61|0x0000000089500000, 0x0000000089500000, 0x0000000089600000|  0%| F|  |TS  0|AC  0|TAMS 0x0000000089500000, 0x0000000089500000|
|  62|0x0000000089600000, 0x0000000089600000, 0x0000000089700000|  0%| F|  |TS  0|AC  0|TAMS 0x0000000089600000, 0x0000000089600000|
|  63|0x0000000089700000, 0x0000000089700000, 0x0000000089800000|  0%| F|  |TS  0|AC  0|TAMS 0x0000000089700000, 0x0000000089700000|
|  64|0x0000000089800000, 0x0000000089800000, 0x0000000089900000|  0%| F|  |TS  0|AC  0|TAMS 0x0000000089800000, 0x0000000089800000|
|  65|0x0000000089900000, 0x0000000089900000, 0x0000000089a00000|  0%| F|  |TS  0|AC  0|TAMS 0x0000000089900000, 0x0000000089900000|
|  66|0x0000000089a00000, 0x0000000089a00000, 0x0000000089b00000|  0%| F|  |TS  0|AC  0|TAMS 0x0000000089a00000, 0x0000000089a00000|
|  67|0x0000000089b00000, 0x0000000089b00000, 0x0000000089c00000|  0%| F|  |TS  0|AC  0|TAMS 0x0000000089b00000, 0x0000000089b00000|
|  68|0x0000000089c00000, 0x0000000089c00000, 0x0000000089d00000|  0%| F|  |TS  0|AC  0|TAMS 0x0000000089c00000, 0x0000000089c00000|
|  69|0x0000000089d00000, 0x0000000089d00000, 0x0000000089e00000|  0%| F|  |TS  0|AC  0|TAMS 0x0000000089d00000, 0x0000000089d00000|
|  70|0x0000000089e00000, 0x0000000089e00000, 0x0000000089f00000|  0%| F|  |TS  0|AC  0|TAMS 0x0000000089e00000, 0x0000000089e00000|
|  71|0x0000000089f00000, 0x0000000089f00000, 0x000000008a000000|  0%| F|  |TS  0|AC  0|TAMS 0x0000000089f00000, 0x0000000089f00000|
|  72|0x000000008a000000, 0x000000008a000000, 0x000000008a100000|  0%| F|  |TS  0|AC  0|TAMS 0x000000008a000000, 0x000000008a000000|
|  73|0x000000008a100000, 0x000000008a100000, 0x000000008a200000|  0%| F|  |TS  0|AC  0|TAMS 0x000000008a100000, 0x000000008a100000|
|  74|0x000000008a200000, 0x000000008a200000, 0x000000008a300000|  0%| F|  |TS  0|AC  0|TAMS 0x000000008a200000, 0x000000008a200000|
|  75|0x000000008a300000, 0x000000008a300000, 0x000000008a400000|  0%| F|  |TS  0|AC  0|TAMS 0x000000008a300000, 0x000000008a300000|
|  76|0x000000008a400000, 0x000000008a400000, 0x000000008a500000|  0%| F|  |TS  0|AC  0|TAMS 0x000000008a400000, 0x000000008a400000|
|  77|0x000000008a500000, 0x000000008a500000, 0x000000008a600000|  0%| F|  |TS  0|AC  0|TAMS 0x000000008a500000, 0x000000008a500000|
|  78|0x000000008a600000, 0x000000008a600000, 0x000000008a700000|  0%| F|  |TS  0|AC  0|TAMS 0x000000008a600000, 0x000000008a600000|
|  79|0x000000008a700000, 0x000000008a700000, 0x000000008a800000|  0%| F|  |TS  0|AC  0|TAMS 0x000000008a700000, 0x000000008a700000|
|  80|0x000000008a800000, 0x000000008a800000, 0x000000008a900000|  0%| F|  |TS  0|AC  0|TAMS 0x000000008a800000, 0x000000008a800000|
|  81|0x000000008a900000, 0x000000008a900000, 0x000000008aa00000|  0%| F|  |TS  0|AC  0|TAMS 0x000000008a900000, 0x000000008a900000|
|  82|0x000000008aa00000, 0x000000008aa00000, 0x000000008ab00000|  0%| F|  |TS  0|AC  0|TAMS 0x000000008aa00000, 0x000000008aa00000|
|  83|0x000000008ab00000, 0x000000008ab00000, 0x000000008ac00000|  0%| F|  |TS  0|AC  0|TAMS 0x000000008ab00000, 0x000000008ab00000|
|  84|0x000000008ac00000, 0x000000008ac00000, 0x000000008ad00000|  0%| F|  |TS  0|AC  0|TAMS 0x000000008ac00000, 0x000000008ac00000|
|  85|0x000000008ad00000, 0x000000008ad00000, 0x000000008ae00000|  0%| F|  |TS  0|AC  0|TAMS 0x000000008ad00000, 0x000000008ad00000|
|  86|0x000000008ae00000, 0x000000008ae00000, 0x000000008af00000|  0%| F|  |TS  0|AC  0|TAMS 0x000000008ae00000, 0x000000008ae00000|
|  87|0x000000008af00000, 0x000000008af00000, 0x000000008b000000|  0%| F|  |TS  0|AC  0|TAMS 0x000000008af00000, 0x000000008af00000|
|  88|0x000000008b000000, 0x000000008b000000, 0x000000008b100000|  0%| F|  |TS  0|AC  0|TAMS 0x000000008b000000, 0x000000008b000000|
|  89|0x000000008b100000, 0x000000008b100000, 0x000000008b200000|  0%| F|  |TS  0|AC  0|TAMS 0x000000008b100000, 0x000000008b100000|
|  90|0x000000008b200000, 0x000000008b200000, 0x000000008b300000|  0%| F|  |TS  0|AC  0|TAMS 0x000000008b200000, 0x000000008b200000|
|  91|0x000000008b300000, 0x000000008b300000, 0x000000008b400000|  0%| F|  |TS  0|AC  0|TAMS 0x000000008b300000, 0x000000008b300000|
|  92|0x000000008b400000, 0x000000008b400000, 0x000000008b500000|  0%| F|  |TS  0|AC  0|TAMS 0x000000008b400000, 0x000000008b400000|
|  93|0x000000008b500000, 0x000000008b500000, 0x000000008b600000|  0%| F|  |TS  0|AC  0|TAMS 0x000000008b500000, 0x000000008b500000|
|  94|0x000000008b600000, 0x000000008b600000, 0x000000008b700000|  0%| F|  |TS  0|AC  0|TAMS 0x000000008b600000, 0x000000008b600000|
|  95|0x000000008b700000, 0x000000008b700000, 0x000000008b800000|  0%| F|  |TS  0|AC  0|TAMS 0x000000008b700000, 0x000000008b700000|
|  96|0x000000008b800000, 0x000000008b800000, 0x000000008b900000|  0%| F|  |TS  0|AC  0|TAMS 0x000000008b800000, 0x000000008b800000|
|  97|0x000000008b900000, 0x000000008b900000, 0x000000008ba00000|  0%| F|  |TS  0|AC  0|TAMS 0x000000008b900000, 0x000000008b900000|
|  98|0x000000008ba00000, 0x000000008ba00000, 0x000000008bb00000|  0%| F|  |TS  0|AC  0|TAMS 0x000000008ba00000, 0x000000008ba00000|
|  99|0x000000008bb00000, 0x000000008bb00000, 0x000000008bc00000|  0%| F|  |TS  0|AC  0|TAMS 0x000000008bb00000, 0x000000008bb00000|
| 100|0x000000008bc00000, 0x000000008bc00000, 0x000000008bd00000|  0%| F|  |TS  0|AC  0|TAMS 0x000000008bc00000, 0x000000008bc00000|
| 101|0x000000008bd00000, 0x000000008bd00000, 0x000000008be00000|  0%| F|  |TS  0|AC  0|TAMS 0x000000008bd00000, 0x000000008bd00000|
| 102|0x000000008be00000, 0x000000008be00000, 0x000000008bf00000|  0%| F|  |TS  0|AC  0|TAMS 0x000000008be00000, 0x000000008be00000|
| 103|0x000000008bf00000, 0x000000008bf00000, 0x000000008c000000|  0%| F|  |TS  0|AC  0|TAMS 0x000000008bf00000, 0x000000008bf00000|
| 104|0x000000008c000000, 0x000000008c000000, 0x000000008c100000|  0%| F|  |TS  0|AC  0|TAMS 0x000000008c000000, 0x000000008c000000|
| 105|0x000000008c100000, 0x000000008c100000, 0x000000008c200000|  0%| F|  |TS  0|AC  0|TAMS 0x000000008c100000, 0x000000008c100000|
| 106|0x000000008c200000, 0x000000008c200000, 0x000000008c300000|  0%| F|  |TS  0|AC  0|TAMS 0x000000008c200000, 0x000000008c200000|
| 107|0x000000008c300000, 0x000000008c300000, 0x000000008c400000|  0%| F|  |TS  0|AC  0|TAMS 0x000000008c300000, 0x000000008c300000|
| 108|0x000000008c400000, 0x000000008c400000, 0x000000008c500000|  0%| F|  |TS  0|AC  0|TAMS 0x000000008c400000, 0x000000008c400000|
| 109|0x000000008c500000, 0x000000008c500000, 0x000000008c600000|  0%| F|  |TS  0|AC  0|TAMS 0x000000008c500000, 0x000000008c500000|
| 110|0x000000008c600000, 0x000000008c600000, 0x000000008c700000|  0%| F|  |TS  0|AC  0|TAMS 0x000000008c600000, 0x000000008c600000|
| 111|0x000000008c700000, 0x000000008c700000, 0x000000008c800000|  0%| F|  |TS  0|AC  0|TAMS 0x000000008c700000, 0x000000008c700000|
| 112|0x000000008c800000, 0x000000008c800000, 0x000000008c900000|  0%| F|  |TS  0|AC  0|TAMS 0x000000008c800000, 0x000000008c800000|
| 113|0x000000008c900000, 0x000000008c900000, 0x000000008ca00000|  0%| F|  |TS  0|AC  0|TAMS 0x000000008c900000, 0x000000008c900000|
| 114|0x000000008ca00000, 0x000000008ca00000, 0x000000008cb00000|  0%| F|  |TS  0|AC  0|TAMS 0x000000008ca00000, 0x000000008ca00000|
| 115|0x000000008cb00000, 0x000000008cb00000, 0x000000008cc00000|  0%| F|  |TS  0|AC  0|TAMS 0x000000008cb00000, 0x000000008cb00000|
| 116|0x000000008cc00000, 0x000000008cc00000, 0x000000008cd00000|  0%| F|  |TS  0|AC  0|TAMS 0x000000008cc00000, 0x000000008cc00000|
| 117|0x000000008cd00000, 0x000000008cd00000, 0x000000008ce00000|  0%| F|  |TS  0|AC  0|TAMS 0x000000008cd00000, 0x000000008cd00000|
| 118|0x000000008ce00000, 0x000000008ce00000, 0x000000008cf00000|  0%| F|  |TS  0|AC  0|TAMS 0x000000008ce00000, 0x000000008ce00000|
| 119|0x000000008cf00000, 0x000000008cf00000, 0x000000008d000000|  0%| F|  |TS  0|AC  0|TAMS 0x000000008cf00000, 0x000000008cf00000|
| 120|0x000000008d000000, 0x000000008d000000, 0x000000008d100000|  0%| F|  |TS  0|AC  0|TAMS 0x000000008d000000, 0x000000008d000000|
| 121|0x000000008d100000, 0x000000008d1db130, 0x000000008d200000| 85%| E|  |TS  0|AC  0|TAMS 0x000000008d100000, 0x000000008d100000|
| 122|0x000000008d200000, 0x000000008d300000, 0x000000008d300000|100%| E|CS|TS  0|AC  0|TAMS 0x000000008d200000, 0x000000008d200000|
| 123|0x000000008d300000, 0x000000008d400000, 0x000000008d400000|100%| E|CS|TS  0|AC  0|TAMS 0x000000008d300000, 0x000000008d300000|

Card table byte_map: [0x00007f0ffc4c1000,0x00007f0ffc895000] byte_map_base: 0x00007f0ffc095000

Marking Bits (Prev, Next): (CMBitMap*) 0x00007f101805cf50, (CMBitMap*) 0x00007f101805cf88
 Prev Bits: [0x00007f0fd6160000, 0x00007f0fd8000000)
 Next Bits: [0x00007f0fd42c0000, 0x00007f0fd6160000)

Polling page: 0x00007f101fdcc000

CodeHeap 'non-profiled nmethods': size=120032Kb used=65Kb max_used=65Kb free=119966Kb
 bounds [0x00007f1005610000, 0x00007f1005880000, 0x00007f100cb48000]
CodeHeap 'profiled nmethods': size=120032Kb used=208Kb max_used=208Kb free=119823Kb
 bounds [0x00007f0ffe0d8000, 0x00007f0ffe348000, 0x00007f1005610000]
CodeHeap 'non-nmethods': size=5696Kb used=1180Kb max_used=1180Kb free=4515Kb
 bounds [0x00007f0ffdb48000, 0x00007f0ffddb8000, 0x00007f0ffe0d8000]
 total_blobs=595 nmethods=202 adapters=251
 compilation: enabled

Compilation events (10 events):
Event: 34,803 Thread 0x00007f1018164000  198       3       java.lang.AbstractStringBuilder::<init> (39 bytes)
Event: 34,804 Thread 0x00007f1018164000 nmethod 198 0x00007f0ffe109710 code [0x00007f0ffe1098c0, 0x00007f0ffe109b90]
Event: 70,414 Thread 0x00007f1018164000  199       3       java.lang.StringBuilder::<init> (7 bytes)
Event: 70,415 Thread 0x00007f1018164000 nmethod 199 0x00007f0ffe109c90 code [0x00007f0ffe109e40, 0x00007f0ffe109fe8]
Event: 87,110 Thread 0x00007f1018164000  200       3       java.lang.StringBuilder::append (8 bytes)
Event: 87,110 Thread 0x00007f1018164000 nmethod 200 0x00007f0ffe10a090 code [0x00007f0ffe10a240, 0x00007f0ffe10a3e8]
Event: 87,110 Thread 0x00007f1018164000  201       3       java.lang.AbstractStringBuilder::append (55 bytes)
Event: 87,111 Thread 0x00007f1018164000 nmethod 201 0x00007f0ffe10a490 code [0x00007f0ffe10a680, 0x00007f0ffe10aa78]
Event: 88,033 Thread 0x00007f1018164000  202       3       java.util.Arrays::copyOfRange (63 bytes)
Event: 88,034 Thread 0x00007f1018164000 nmethod 202 0x00007f0ffe10ab90 code [0x00007f0ffe10ae40, 0x00007f0ffe10bc18]

GC Heap History (0 events):
No events

Deoptimization events (0 events):
No events

Classes redefined (2 events):
Event: 142,234 Thread 0x00007f1018131000 redefined class name=zadanie.Client, count=1
Event: 217,544 Thread 0x00007f1018131000 redefined class name=zadanie.Client, count=2

Internal exceptions (0 events):
No events

Events (10 events):
Event: 217,545 Executing VM operation: GetFrameCount done
Event: 217,545 Executing VM operation: GetFrameCount
Event: 217,545 Executing VM operation: GetFrameCount done
Event: 217,545 Executing VM operation: GetFrameLocation
Event: 217,545 Executing VM operation: GetFrameLocation done
Event: 217,572 Executing VM operation: ChangeBreakpoints
Event: 217,572 Executing VM operation: ChangeBreakpoints done
Event: 217,574 Executing VM operation: ChangeBreakpoints
Event: 217,574 Executing VM operation: ChangeBreakpoints done
Event: 217,590 Executing VM operation: GetOrSetLocal


Dynamic libraries:
00400000-00401000 r-xp 00000000 08:06 2376569                            /usr/lib/jvm/java-9-oracle/bin/java
00600000-00601000 rw-p 00000000 08:06 2376569                            /usr/lib/jvm/java-9-oracle/bin/java
0135a000-0137b000 rw-p 00000000 00:00 0                                  [heap]
85800000-8d400000 rw-p 00000000 00:00 0 
8d400000-100000000 ---p 00000000 00:00 0 
100000000-1000a0000 rw-p 00000000 00:00 0 
1000a0000-140000000 ---p 00000000 00:00 0 
7f0f8c000000-7f0f8c021000 rw-p 00000000 00:00 0 
7f0f8c021000-7f0f90000000 ---p 00000000 00:00 0 
7f0f90000000-7f0f90021000 rw-p 00000000 00:00 0 
7f0f90021000-7f0f94000000 ---p 00000000 00:00 0 
7f0f94000000-7f0f94027000 rw-p 00000000 00:00 0 
7f0f94027000-7f0f98000000 ---p 00000000 00:00 0 
7f0f98000000-7f0f98021000 rw-p 00000000 00:00 0 
7f0f98021000-7f0f9c000000 ---p 00000000 00:00 0 
7f0f9c000000-7f0f9c043000 rw-p 00000000 00:00 0 
7f0f9c043000-7f0fa0000000 ---p 00000000 00:00 0 
7f0fa37cd000-7f0fa3afb000 rw-p 00000000 00:00 0 
7f0fa3afb000-7f0fa3afc000 ---p 00000000 00:00 0 
7f0fa3afc000-7f0fa3bfc000 rw-p 00000000 00:00 0 
7f0fa3bfc000-7f0fa3c00000 ---p 00000000 00:00 0 
7f0fa3c00000-7f0fa3cfd000 rw-p 00000000 00:00 0 
7f0fa3cfd000-7f0fa3d01000 ---p 00000000 00:00 0 
7f0fa3d01000-7f0fa3dfe000 rw-p 00000000 00:00 0 
7f0fa3dfe000-7f0fa3e02000 ---p 00000000 00:00 0 
7f0fa3e02000-7f0fa3eff000 rw-p 00000000 00:00 0 
7f0fa3eff000-7f0fa3f03000 ---p 00000000 00:00 0 
7f0fa3f03000-7f0fa4000000 rw-p 00000000 00:00 0 
7f0fa4000000-7f0fa4021000 rw-p 00000000 00:00 0 
7f0fa4021000-7f0fa8000000 ---p 00000000 00:00 0 
7f0fa8000000-7f0fa8021000 rw-p 00000000 00:00 0 
7f0fa8021000-7f0fac000000 ---p 00000000 00:00 0 
7f0fac000000-7f0fac021000 rw-p 00000000 00:00 0 
7f0fac021000-7f0fb0000000 ---p 00000000 00:00 0 
7f0fb0000000-7f0fb00a7000 rw-p 00000000 00:00 0 
7f0fb00a7000-7f0fb4000000 ---p 00000000 00:00 0 
7f0fb4000000-7f0fb4021000 rw-p 00000000 00:00 0 
7f0fb4021000-7f0fb8000000 ---p 00000000 00:00 0 
7f0fb8000000-7f0fb80b8000 rw-p 00000000 00:00 0 
7f0fb80b8000-7f0fbc000000 ---p 00000000 00:00 0 
7f0fbc000000-7f0fbc021000 rw-p 00000000 00:00 0 
7f0fbc021000-7f0fc0000000 ---p 00000000 00:00 0 
7f0fc0000000-7f0fc0021000 rw-p 00000000 00:00 0 
7f0fc0021000-7f0fc4000000 ---p 00000000 00:00 0 
7f0fc4000000-7f0fc4021000 rw-p 00000000 00:00 0 
7f0fc4021000-7f0fc8000000 ---p 00000000 00:00 0 
7f0fc8000000-7f0fc8021000 rw-p 00000000 00:00 0 
7f0fc8021000-7f0fcc000000 ---p 00000000 00:00 0 
7f0fcc0be000-7f0fcc0c2000 r-xp 00000000 08:06 571471                     /usr/lib/jvm/java-9-oracle/lib/libdt_socket.so
7f0fcc0c2000-7f0fcc2c1000 ---p 00004000 08:06 571471                     /usr/lib/jvm/java-9-oracle/lib/libdt_socket.so
7f0fcc2c1000-7f0fcc2c2000 rw-p 00003000 08:06 571471                     /usr/lib/jvm/java-9-oracle/lib/libdt_socket.so
7f0fcc2c2000-7f0fcc2c6000 ---p 00000000 00:00 0 
7f0fcc2c6000-7f0fcc3c3000 rw-p 00000000 00:00 0 
7f0fcc3c3000-7f0fcc3d9000 r-xp 00000000 08:06 571398                     /usr/lib/jvm/java-9-oracle/lib/libnet.so
7f0fcc3d9000-7f0fcc5d9000 ---p 00016000 08:06 571398                     /usr/lib/jvm/java-9-oracle/lib/libnet.so
7f0fcc5d9000-7f0fcc5da000 rw-p 00016000 08:06 571398                     /usr/lib/jvm/java-9-oracle/lib/libnet.so
7f0fcc5da000-7f0fcc5ea000 r-xp 00000000 08:06 571432                     /usr/lib/jvm/java-9-oracle/lib/libnio.so
7f0fcc5ea000-7f0fcc7ea000 ---p 00010000 08:06 571432                     /usr/lib/jvm/java-9-oracle/lib/libnio.so
7f0fcc7ea000-7f0fcc7eb000 rw-p 00010000 08:06 571432                     /usr/lib/jvm/java-9-oracle/lib/libnio.so
7f0fcc7eb000-7f0fcc7ef000 ---p 00000000 00:00 0 
7f0fcc7ef000-7f0fcc8ec000 rw-p 00000000 00:00 0 
7f0fcc8ec000-7f0fcc8f0000 ---p 00000000 00:00 0 
7f0fcc8f0000-7f0fcc9ed000 rw-p 00000000 00:00 0 
7f0fcc9ed000-7f0fcc9f1000 ---p 00000000 00:00 0 
7f0fcc9f1000-7f0fccaee000 rw-p 00000000 00:00 0 
7f0fccaee000-7f0fccaf2000 ---p 00000000 00:00 0 
7f0fccaf2000-7f0fccbef000 rw-p 00000000 00:00 0 
7f0fccbef000-7f0fccbf3000 ---p 00000000 00:00 0 
7f0fccbf3000-7f0fcccf0000 rw-p 00000000 00:00 0 
7f0fcccf0000-7f0fcd0f9000 r--p 00000000 08:06 2104061                    /usr/lib/locale/locale-archive
7f0fcd0f9000-7f0fcd0fd000 ---p 00000000 00:00 0 
7f0fcd0fd000-7f0fcd1fa000 rw-p 00000000 00:00 0 
7f0fcd1fa000-7f0fcd1fe000 ---p 00000000 00:00 0 
7f0fcd1fe000-7f0fcd2fb000 rw-p 00000000 00:00 0 
7f0fcd2fb000-7f0fcd2fc000 ---p 00000000 00:00 0 
7f0fcd2fc000-7f0fcd97c000 rw-p 00000000 00:00 0 
7f0fcd97c000-7f0fcdbfc000 ---p 00000000 00:00 0 
7f0fcdbfc000-7f0fce000000 rw-p 00000000 00:00 0 
7f0fce000000-7f0fd0000000 rwxp 00000000 00:00 0 
7f0fd0000000-7f0fd0021000 rw-p 00000000 00:00 0 
7f0fd0021000-7f0fd4000000 ---p 00000000 00:00 0 
7f0fd408d000-7f0fd40be000 rw-p 00000000 00:00 0 
7f0fd40be000-7f0fd40bf000 ---p 00000000 00:00 0 
7f0fd40bf000-7f0fd41bf000 rw-p 00000000 00:00 0 
7f0fd41bf000-7f0fd41c0000 ---p 00000000 00:00 0 
7f0fd41c0000-7f0fd44b0000 rw-p 00000000 00:00 0 
7f0fd44b0000-7f0fd6160000 ---p 00000000 00:00 0 
7f0fd6160000-7f0fd6350000 rw-p 00000000 00:00 0 
7f0fd6350000-7f0fd8000000 ---p 00000000 00:00 0 
7f0fd8000000-7f0fd8021000 rw-p 00000000 00:00 0 
7f0fd8021000-7f0fdc000000 ---p 00000000 00:00 0 
7f0fdc000000-7f0fdc021000 rw-p 00000000 00:00 0 
7f0fdc021000-7f0fe0000000 ---p 00000000 00:00 0 
7f0fe0000000-7f0fe0021000 rw-p 00000000 00:00 0 
7f0fe0021000-7f0fe4000000 ---p 00000000 00:00 0 
7f0fe4000000-7f0fe4021000 rw-p 00000000 00:00 0 
7f0fe4021000-7f0fe8000000 ---p 00000000 00:00 0 
7f0fe8000000-7f0fe8021000 rw-p 00000000 00:00 0 
7f0fe8021000-7f0fec000000 ---p 00000000 00:00 0 
7f0fec000000-7f0fec021000 rw-p 00000000 00:00 0 
7f0fec021000-7f0ff0000000 ---p 00000000 00:00 0 
7f0ff0000000-7f0ff0021000 rw-p 00000000 00:00 0 
7f0ff0021000-7f0ff4000000 ---p 00000000 00:00 0 
7f0ff4000000-7f0ff4021000 rw-p 00000000 00:00 0 
7f0ff4021000-7f0ff8000000 ---p 00000000 00:00 0 
7f0ff8000000-7f0ff8021000 rw-p 00000000 00:00 0 
7f0ff8021000-7f0ffc000000 ---p 00000000 00:00 0 
7f0ffc01c000-7f0ffc12b000 rw-p 00000000 00:00 0 
7f0ffc12b000-7f0ffc4c1000 ---p 00000000 00:00 0 
7f0ffc4c1000-7f0ffc4ff000 rw-p 00000000 00:00 0 
7f0ffc4ff000-7f0ffcc69000 ---p 00000000 00:00 0 
7f0ffcc69000-7f0ffcca7000 rw-p 00000000 00:00 0 
7f0ffcca7000-7f0ffd03d000 ---p 00000000 00:00 0 
7f0ffd03d000-7f0ffd03e000 ---p 00000000 00:00 0 
7f0ffd03e000-7f0ffd13e000 rw-p 00000000 00:00 0 
7f0ffd13e000-7f0ffd13f000 ---p 00000000 00:00 0 
7f0ffd13f000-7f0ffd23f000 rw-p 00000000 00:00 0 
7f0ffd23f000-7f0ffd240000 ---p 00000000 00:00 0 
7f0ffd240000-7f0ffd340000 rw-p 00000000 00:00 0 
7f0ffd340000-7f0ffd341000 ---p 00000000 00:00 0 
7f0ffd341000-7f0ffd441000 rw-p 00000000 00:00 0 
7f0ffd441000-7f0ffd442000 ---p 00000000 00:00 0 
7f0ffd442000-7f0ffd946000 rw-p 00000000 00:00 0 
7f0ffd946000-7f0ffd947000 ---p 00000000 00:00 0 
7f0ffd947000-7f0ffda47000 rw-p 00000000 00:00 0 
7f0ffda47000-7f0ffda48000 ---p 00000000 00:00 0 
7f0ffda48000-7f0ffdb48000 rw-p 00000000 00:00 0 
7f0ffdb48000-7f0ffddb8000 rwxp 00000000 00:00 0 
7f0ffddb8000-7f0ffe0d8000 ---p 00000000 00:00 0 
7f0ffe0d8000-7f0ffe348000 rwxp 00000000 00:00 0 
7f0ffe348000-7f1005610000 ---p 00000000 00:00 0 
7f1005610000-7f1005880000 rwxp 00000000 00:00 0 
7f1005880000-7f100cb48000 ---p 00000000 00:00 0 
7f100cb48000-7f1018000000 r--s 00000000 08:06 571416                     /usr/lib/jvm/java-9-oracle/lib/modules
7f1018000000-7f101825f000 rw-p 00000000 00:00 0 
7f101825f000-7f101c000000 ---p 00000000 00:00 0 
7f101c028000-7f101c050000 rw-p 00000000 00:00 0 
7f101c050000-7f101c051000 ---p 00000000 00:00 0 
7f101c051000-7f101c151000 rw-p 00000000 00:00 0 
7f101c151000-7f101c152000 ---p 00000000 00:00 0 
7f101c152000-7f101c257000 rw-p 00000000 00:00 0 
7f101c257000-7f101c33d000 ---p 00000000 00:00 0 
7f101c33d000-7f101c342000 rw-p 00000000 00:00 0 
7f101c342000-7f101c428000 ---p 00000000 00:00 0 
7f101c428000-7f101c442000 r-xp 00000000 08:06 571515                     /usr/lib/jvm/java-9-oracle/lib/libjimage.so
7f101c442000-7f101c641000 ---p 0001a000 08:06 571515                     /usr/lib/jvm/java-9-oracle/lib/libjimage.so
7f101c641000-7f101c643000 rw-p 00019000 08:06 571515                     /usr/lib/jvm/java-9-oracle/lib/libjimage.so
7f101c643000-7f101c655000 rw-p 00000000 00:00 0 
7f101c655000-7f101c65c000 r-xp 00000000 08:06 571489                     /usr/lib/jvm/java-9-oracle/lib/libzip.so
7f101c65c000-7f101c85b000 ---p 00007000 08:06 571489                     /usr/lib/jvm/java-9-oracle/lib/libzip.so
7f101c85b000-7f101c85c000 rw-p 00006000 08:06 571489                     /usr/lib/jvm/java-9-oracle/lib/libzip.so
7f101c85c000-7f101c867000 r-xp 00000000 08:06 1835206                    /lib/x86_64-linux-gnu/libnss_files-2.23.so
7f101c867000-7f101ca66000 ---p 0000b000 08:06 1835206                    /lib/x86_64-linux-gnu/libnss_files-2.23.so
7f101ca66000-7f101ca67000 r--p 0000a000 08:06 1835206                    /lib/x86_64-linux-gnu/libnss_files-2.23.so
7f101ca67000-7f101ca68000 rw-p 0000b000 08:06 1835206                    /lib/x86_64-linux-gnu/libnss_files-2.23.so
7f101ca68000-7f101ca6e000 rw-p 00000000 00:00 0 
7f101ca6e000-7f101ca79000 r-xp 00000000 08:06 1836334                    /lib/x86_64-linux-gnu/libnss_nis-2.23.so
7f101ca79000-7f101cc78000 ---p 0000b000 08:06 1836334                    /lib/x86_64-linux-gnu/libnss_nis-2.23.so
7f101cc78000-7f101cc79000 r--p 0000a000 08:06 1836334                    /lib/x86_64-linux-gnu/libnss_nis-2.23.so
7f101cc79000-7f101cc7a000 rw-p 0000b000 08:06 1836334                    /lib/x86_64-linux-gnu/libnss_nis-2.23.so
7f101cc7a000-7f101cc90000 r-xp 00000000 08:06 1835202                    /lib/x86_64-linux-gnu/libnsl-2.23.so
7f101cc90000-7f101ce8f000 ---p 00016000 08:06 1835202                    /lib/x86_64-linux-gnu/libnsl-2.23.so
7f101ce8f000-7f101ce90000 r--p 00015000 08:06 1835202                    /lib/x86_64-linux-gnu/libnsl-2.23.so
7f101ce90000-7f101ce91000 rw-p 00016000 08:06 1835202                    /lib/x86_64-linux-gnu/libnsl-2.23.so
7f101ce91000-7f101ce93000 rw-p 00000000 00:00 0 
7f101ce93000-7f101ce9b000 r-xp 00000000 08:06 1836340                    /lib/x86_64-linux-gnu/libnss_compat-2.23.so
7f101ce9b000-7f101d09a000 ---p 00008000 08:06 1836340                    /lib/x86_64-linux-gnu/libnss_compat-2.23.so
7f101d09a000-7f101d09b000 r--p 00007000 08:06 1836340                    /lib/x86_64-linux-gnu/libnss_compat-2.23.so
7f101d09b000-7f101d09c000 rw-p 00008000 08:06 1836340                    /lib/x86_64-linux-gnu/libnss_compat-2.23.so
7f101d09c000-7f101d0d7000 r-xp 00000000 08:06 571399                     /usr/lib/jvm/java-9-oracle/lib/libjdwp.so
7f101d0d7000-7f101d2d6000 ---p 0003b000 08:06 571399                     /usr/lib/jvm/java-9-oracle/lib/libjdwp.so
7f101d2d6000-7f101d2d7000 rw-p 0003a000 08:06 571399                     /usr/lib/jvm/java-9-oracle/lib/libjdwp.so
7f101d2d7000-7f101d2d8000 rw-p 00000000 00:00 0 
7f101d2d8000-7f101d303000 r-xp 00000000 08:06 571458                     /usr/lib/jvm/java-9-oracle/lib/libjava.so
7f101d303000-7f101d502000 ---p 0002b000 08:06 571458                     /usr/lib/jvm/java-9-oracle/lib/libjava.so
7f101d502000-7f101d504000 rw-p 0002a000 08:06 571458                     /usr/lib/jvm/java-9-oracle/lib/libjava.so
7f101d504000-7f101d511000 r-xp 00000000 08:06 571406                     /usr/lib/jvm/java-9-oracle/lib/libverify.so
7f101d511000-7f101d710000 ---p 0000d000 08:06 571406                     /usr/lib/jvm/java-9-oracle/lib/libverify.so
7f101d710000-7f101d712000 rw-p 0000c000 08:06 571406                     /usr/lib/jvm/java-9-oracle/lib/libverify.so
7f101d712000-7f101d719000 r-xp 00000000 08:06 1836336                    /lib/x86_64-linux-gnu/librt-2.23.so
7f101d719000-7f101d918000 ---p 00007000 08:06 1836336                    /lib/x86_64-linux-gnu/librt-2.23.so
7f101d918000-7f101d919000 r--p 00006000 08:06 1836336                    /lib/x86_64-linux-gnu/librt-2.23.so
7f101d919000-7f101d91a000 rw-p 00007000 08:06 1836336                    /lib/x86_64-linux-gnu/librt-2.23.so
7f101d91a000-7f101da22000 r-xp 00000000 08:06 1836345                    /lib/x86_64-linux-gnu/libm-2.23.so
7f101da22000-7f101dc21000 ---p 00108000 08:06 1836345                    /lib/x86_64-linux-gnu/libm-2.23.so
7f101dc21000-7f101dc22000 r--p 00107000 08:06 1836345                    /lib/x86_64-linux-gnu/libm-2.23.so
7f101dc22000-7f101dc23000 rw-p 00108000 08:06 1836345                    /lib/x86_64-linux-gnu/libm-2.23.so
7f101dc23000-7f101ec26000 r-xp 00000000 08:06 571452                     /usr/lib/jvm/java-9-oracle/lib/server/libjvm.so
7f101ec26000-7f101ee25000 ---p 01003000 08:06 571452                     /usr/lib/jvm/java-9-oracle/lib/server/libjvm.so
7f101ee25000-7f101eef6000 r--p 01002000 08:06 571452                     /usr/lib/jvm/java-9-oracle/lib/server/libjvm.so
7f101eef6000-7f101ef2d000 rw-p 010d3000 08:06 571452                     /usr/lib/jvm/java-9-oracle/lib/server/libjvm.so
7f101ef2d000-7f101ef96000 rw-p 00000000 00:00 0 
7f101ef96000-7f101f156000 r-xp 00000000 08:06 1836350                    /lib/x86_64-linux-gnu/libc-2.23.so
7f101f156000-7f101f356000 ---p 001c0000 08:06 1836350                    /lib/x86_64-linux-gnu/libc-2.23.so
7f101f356000-7f101f35a000 r--p 001c0000 08:06 1836350                    /lib/x86_64-linux-gnu/libc-2.23.so
7f101f35a000-7f101f35c000 rw-p 001c4000 08:06 1836350                    /lib/x86_64-linux-gnu/libc-2.23.so
7f101f35c000-7f101f360000 rw-p 00000000 00:00 0 
7f101f360000-7f101f363000 r-xp 00000000 08:06 1836339                    /lib/x86_64-linux-gnu/libdl-2.23.so
7f101f363000-7f101f562000 ---p 00003000 08:06 1836339                    /lib/x86_64-linux-gnu/libdl-2.23.so
7f101f562000-7f101f563000 r--p 00002000 08:06 1836339                    /lib/x86_64-linux-gnu/libdl-2.23.so
7f101f563000-7f101f564000 rw-p 00003000 08:06 1836339                    /lib/x86_64-linux-gnu/libdl-2.23.so
7f101f564000-7f101f572000 r-xp 00000000 08:06 684912                     /usr/lib/jvm/java-9-oracle/lib/jli/libjli.so
7f101f572000-7f101f772000 ---p 0000e000 08:06 684912                     /usr/lib/jvm/java-9-oracle/lib/jli/libjli.so
7f101f772000-7f101f773000 rw-p 0000e000 08:06 684912                     /usr/lib/jvm/java-9-oracle/lib/jli/libjli.so
7f101f773000-7f101f78b000 r-xp 00000000 08:06 1836333                    /lib/x86_64-linux-gnu/libpthread-2.23.so
7f101f78b000-7f101f98a000 ---p 00018000 08:06 1836333                    /lib/x86_64-linux-gnu/libpthread-2.23.so
7f101f98a000-7f101f98b000 r--p 00017000 08:06 1836333                    /lib/x86_64-linux-gnu/libpthread-2.23.so
7f101f98b000-7f101f98c000 rw-p 00018000 08:06 1836333                    /lib/x86_64-linux-gnu/libpthread-2.23.so
7f101f98c000-7f101f990000 rw-p 00000000 00:00 0 
7f101f990000-7f101f9a9000 r-xp 00000000 08:06 1839736                    /lib/x86_64-linux-gnu/libz.so.1.2.8
7f101f9a9000-7f101fba8000 ---p 00019000 08:06 1839736                    /lib/x86_64-linux-gnu/libz.so.1.2.8
7f101fba8000-7f101fba9000 r--p 00018000 08:06 1839736                    /lib/x86_64-linux-gnu/libz.so.1.2.8
7f101fba9000-7f101fbaa000 rw-p 00019000 08:06 1839736                    /lib/x86_64-linux-gnu/libz.so.1.2.8
7f101fbaa000-7f101fbd0000 r-xp 00000000 08:06 1835203                    /lib/x86_64-linux-gnu/ld-2.23.so
7f101fbea000-7f101fbf1000 r--s 00000000 08:06 2361207                    /usr/lib/x86_64-linux-gnu/gconv/gconv-modules.cache
7f101fbf1000-7f101fcae000 rw-p 00000000 00:00 0 
7f101fcae000-7f101fcb3000 ---p 00000000 00:00 0 
7f101fcb3000-7f101fdb4000 rw-p 00000000 00:00 0 
7f101fdb6000-7f101fdbc000 rw-p 00000000 00:00 0 
7f101fdbc000-7f101fdc3000 ---p 00000000 00:00 0 
7f101fdc3000-7f101fdcb000 rw-s 00000000 08:06 268532                     /tmp/hsperfdata_ela/7867
7f101fdcb000-7f101fdcc000 rw-p 00000000 00:00 0 
7f101fdcc000-7f101fdcd000 ---p 00000000 00:00 0 
7f101fdcd000-7f101fdcf000 rw-p 00000000 00:00 0 
7f101fdcf000-7f101fdd0000 r--p 00025000 08:06 1835203                    /lib/x86_64-linux-gnu/ld-2.23.so
7f101fdd0000-7f101fdd1000 rw-p 00026000 08:06 1835203                    /lib/x86_64-linux-gnu/ld-2.23.so
7f101fdd1000-7f101fdd2000 rw-p 00000000 00:00 0 
7ffe3c1a1000-7ffe3c1c2000 rw-p 00000000 00:00 0                          [stack]
7ffe3c1d3000-7ffe3c1d5000 r--p 00000000 00:00 0                          [vvar]
7ffe3c1d5000-7ffe3c1d7000 r-xp 00000000 00:00 0                          [vdso]
ffffffffff600000-ffffffffff601000 r-xp 00000000 00:00 0                  [vsyscall]

VM Arguments:
jvm_args: -agentlib:jdwp=transport=dt_socket,address=127.0.0.1:40565,suspend=y,server=n -Dfile.encoding=UTF-8 
java_command: zadanie.Client
java_class_path (initial): /home/ela/Pulpit/lab9/out/production/lab9:/home/ela/Pulpit/dev/idea-IU-172.4343.14/lib/idea_rt.jar
Launcher Type: SUN_STANDARD

Logging:
Log output configuration:
#0: stdout all=warning uptime,level,tags
#1: stderr all=off uptime,level,tags

Environment Variables:
JAVA_HOME=/usr/lib/jvm/java-9-oracle
PATH=/home/ela/bin:/home/ela/.local/bin:/usr/local/sbin:/usr/local/bin:/usr/sbin:/usr/bin:/sbin:/bin:/usr/games:/usr/local/games:/snap/bin:/usr/lib/jvm/java-9-oracle/bin:/usr/lib/jvm/java-9-oracle/db/bin
LD_LIBRARY_PATH=/home/ela/Pulpit/dev/idea-IU-172.4343.14/bin:
SHELL=/bin/bash
DISPLAY=:0

Signal Handlers:
SIGSEGV: [libjvm.so+0xd4ce50], sa_mask[0]=11111111011111111101111111111110, sa_flags=SA_RESTART|SA_SIGINFO
SIGBUS: [libjvm.so+0xd4ce50], sa_mask[0]=11111111011111111101111111111110, sa_flags=SA_RESTART|SA_SIGINFO
SIGFPE: [libjvm.so+0xd4ce50], sa_mask[0]=11111111011111111101111111111110, sa_flags=SA_RESTART|SA_SIGINFO
SIGPIPE: [libjvm.so+0xb64420], sa_mask[0]=11111111011111111101111111111110, sa_flags=SA_RESTART|SA_SIGINFO
SIGXFSZ: [libjvm.so+0xb64420], sa_mask[0]=11111111011111111101111111111110, sa_flags=SA_RESTART|SA_SIGINFO
SIGILL: [libjvm.so+0xd4ce50], sa_mask[0]=11111111011111111101111111111110, sa_flags=SA_RESTART|SA_SIGINFO
SIGUSR2: [libjvm.so+0xb642e0], sa_mask[0]=00100000000000000000000000000000, sa_flags=SA_RESTART|SA_SIGINFO
SIGHUP: [libjvm.so+0xb644f0], sa_mask[0]=11111111011111111101111111111110, sa_flags=SA_RESTART|SA_SIGINFO
SIGINT: [libjvm.so+0xb644f0], sa_mask[0]=11111111011111111101111111111110, sa_flags=SA_RESTART|SA_SIGINFO
SIGTERM: [libjvm.so+0xb644f0], sa_mask[0]=11111111011111111101111111111110, sa_flags=SA_RESTART|SA_SIGINFO
SIGQUIT: [libjvm.so+0xb644f0], sa_mask[0]=11111111011111111101111111111110, sa_flags=SA_RESTART|SA_SIGINFO


---------------  S Y S T E M  ---------------

OS:DISTRIB_ID=Ubuntu
DISTRIB_RELEASE=16.04
DISTRIB_CODENAME=xenial
DISTRIB_DESCRIPTION="Ubuntu 16.04.1 LTS"
uname:Linux 4.4.0-104-generic #127-Ubuntu SMP Mon Dec 11 12:16:42 UTC 2017 x86_64
libc:glibc 2.23 NPTL 2.23 
rlimit: STACK 8192k, CORE 0k, NPROC 31195, NOFILE 1048576, AS infinity
load average:1,14 1,01 1,06

/proc/meminfo:
MemTotal:        8025268 kB
MemFree:         1749900 kB
MemAvailable:    2944004 kB
Buffers:          128980 kB
Cached:          1567876 kB
SwapCached:            0 kB
Active:          5004092 kB
Inactive:        1037060 kB
Active(anon):    4349748 kB
Inactive(anon):   316992 kB
Active(file):     654344 kB
Inactive(file):   720068 kB
Unevictable:          32 kB
Mlocked:              32 kB
SwapTotal:             0 kB
SwapFree:              0 kB
Dirty:              2704 kB
Writeback:             0 kB
AnonPages:       4344612 kB
Mapped:           603324 kB
Shmem:            322448 kB
Slab:             124204 kB
SReclaimable:      88388 kB
SUnreclaim:        35816 kB
KernelStack:       11984 kB
PageTables:        43844 kB
NFS_Unstable:          0 kB
Bounce:                0 kB
WritebackTmp:          0 kB
CommitLimit:     4012632 kB
Committed_AS:    9589408 kB
VmallocTotal:   34359738367 kB
VmallocUsed:           0 kB
VmallocChunk:          0 kB
HardwareCorrupted:     0 kB
AnonHugePages:   1327104 kB
CmaTotal:              0 kB
CmaFree:               0 kB
HugePages_Total:       0
HugePages_Free:        0
HugePages_Rsvd:        0
HugePages_Surp:        0
Hugepagesize:       2048 kB
DirectMap4k:      145656 kB
DirectMap2M:     4947968 kB
DirectMap1G:     3145728 kB


CPU:total 4 (initial active 4) (2 cores per cpu, 2 threads per core) family 6 model 78 stepping 3, cmov, cx8, fxsr, mmx, sse, sse2, sse3, ssse3, sse4.1, sse4.2, popcnt, avx, avx2, aes, clmul, erms, rtm, 3dnowpref, lzcnt, ht, tsc, tscinvbit, bmi1, bmi2, adx, fma
CPU Model and flags from /proc/cpuinfo:
model name	: Intel(R) Core(TM) i3-6100U CPU @ 2.30GHz
flags		: fpu vme de pse tsc msr pae mce cx8 apic sep mtrr pge mca cmov pat pse36 clflush dts acpi mmx fxsr sse sse2 ss ht tm pbe syscall nx pdpe1gb rdtscp lm constant_tsc art arch_perfmon pebs bts rep_good nopl xtopology nonstop_tsc aperfmperf eagerfpu pni pclmulqdq dtes64 monitor ds_cpl vmx est tm2 ssse3 sdbg fma cx16 xtpr pdcm pcid sse4_1 sse4_2 x2apic movbe popcnt tsc_deadline_timer aes xsave avx f16c rdrand lahf_lm abm 3dnowprefetch epb intel_pt tpr_shadow vnmi flexpriority ept vpid fsgsbase tsc_adjust bmi1 hle avx2 smep bmi2 erms invpcid rtm mpx rdseed adx smap clflushopt xsaveopt xsavec xgetbv1 dtherm ida arat pln pts hwp hwp_notify hwp_act_window hwp_epp

Memory: 4k page, physical 8025268k(1749900k free), swap 0k(0k free)

vm_info: Java HotSpot(TM) 64-Bit Server VM (9+181) for linux-amd64 JRE (9+181), built on Aug  3 2017 04:03:00 by "javare" with gcc 4.9.2

END.
